SF:lib\data\models\genre_model.dart
DA:5,2
DA:13,2
DA:14,1
DA:15,1
DA:18,2
DA:19,1
DA:20,1
DA:23,4
DA:25,1
DA:26,3
LF:10
LH:10
end_of_record
SF:lib\domain\entities\genre.dart
DA:4,2
DA:12,1
DA:13,3
LF:3
LH:3
end_of_record
SF:lib\utils\encrypt.dart
DA:3,1
DA:4,1
DA:5,1
DA:7,2
DA:8,1
DA:10,1
LF:6
LH:6
end_of_record
SF:lib\utils\format_content.dart
DA:3,1
DA:4,5
DA:6,1
DA:7,1
DA:8,1
DA:10,1
DA:11,1
DA:13,1
LF:8
LH:8
end_of_record
SF:lib\utils\network_info.dart
DA:10,1
DA:12,1
DA:13,2
LF:3
LH:3
end_of_record
