SF:lib\domain\usecases\tv\search_tv.dart
DA:9,1
DA:11,1
DA:12,2
LF:3
LH:3
end_of_record
SF:lib\domain\usecases\movies\search_movies.dart
DA:9,1
DA:11,1
DA:12,2
LF:3
LH:3
end_of_record
SF:lib\presentation\bloc\movies\movies_search_event.dart
DA:8,2
DA:10,1
DA:11,2
LF:3
LH:3
end_of_record
SF:lib\presentation\bloc\movies\movies_search_state.dart
DA:6,1
DA:7,1
DA:11,1
DA:12,1
DA:18,2
DA:20,1
DA:21,2
DA:27,2
DA:29,1
DA:30,2
LF:10
LH:10
end_of_record
SF:lib\presentation\bloc\movies\movies_search_bloc.dart
DA:12,3
DA:13,2
DA:14,1
DA:17,1
DA:21,1
DA:22,2
DA:24,3
DA:26,1
DA:27,4
DA:28,3
DA:32,1
DA:34,3
LF:12
LH:12
end_of_record
SF:lib\presentation\bloc\tv\tv_search_event.dart
DA:4,2
DA:10,2
DA:12,1
DA:13,2
LF:4
LH:4
end_of_record
SF:lib\presentation\bloc\tv\tv_search_state.dart
DA:4,2
DA:6,1
DA:7,1
DA:17,2
DA:19,1
DA:20,2
DA:26,2
DA:28,1
DA:29,2
LF:9
LH:9
end_of_record
SF:lib\presentation\bloc\tv\tv_search_bloc.dart
DA:12,3
DA:13,2
DA:14,1
DA:17,1
DA:21,1
DA:22,2
DA:24,3
DA:26,1
DA:27,1
DA:28,3
DA:30,1
DA:31,2
DA:36,1
DA:38,3
LF:14
LH:14
end_of_record
SF:lib\presentation\pages\search_page.dart
DA:12,1
DA:14,1
DA:15,1
DA:18,1
DA:20,1
DA:22,1
DA:23,1
DA:24,1
DA:25,1
DA:27,1
DA:28,2
DA:29,3
DA:39,1
DA:41,1
DA:43,1
DA:44,2
DA:45,1
DA:46,2
DA:47,1
DA:52,1
DA:53,1
DA:54,1
DA:55,1
DA:56,1
DA:58,1
DA:59,1
DA:60,1
DA:61,1
DA:62,1
DA:63,2
DA:64,2
DA:65,2
DA:66,1
DA:68,1
DA:69,1
DA:73,2
LF:36
LH:36
end_of_record
SF:lib\domain\usecases\movies\search_movies.dart
DA:9,0
DA:11,0
DA:12,0
LF:3
LH:0
end_of_record
