SF:lib\data\datasources\tv_local_data_source.dart
DA:21,1
DA:24,1
DA:26,3
DA:29,2
DA:34,1
DA:36,3
DA:39,2
DA:44,1
DA:45,3
DA:47,1
DA:54,1
DA:55,3
DA:56,4
DA:60,1
DA:61,3
DA:62,3
DA:66,1
DA:67,3
DA:68,1
DA:69,4
DA:71,1
DA:76,1
DA:77,3
DA:78,3
DA:82,1
DA:83,3
DA:84,3
DA:91,1
DA:92,3
DA:93,2
DA:94,4
DA:96,1
DA:101,1
DA:102,3
DA:103,1
DA:104,4
DA:106,1
LF:37
LH:37
end_of_record
SF:lib\data\models\tv_model.dart
DA:5,21
DA:35,4
DA:36,2
DA:37,2
DA:38,8
DA:39,2
DA:40,2
DA:41,2
DA:42,4
DA:43,2
DA:44,2
DA:45,2
DA:46,8
DA:47,4
DA:48,2
DA:51,2
DA:52,1
DA:53,1
DA:54,4
DA:55,1
DA:56,1
DA:57,1
DA:58,1
DA:59,1
DA:60,1
DA:61,1
DA:62,4
DA:63,1
DA:64,1
DA:67,4
DA:68,2
DA:69,2
DA:70,2
DA:71,2
DA:72,2
DA:73,2
DA:74,2
DA:75,2
DA:76,2
DA:77,2
DA:78,2
DA:79,2
DA:80,2
DA:83,2
DA:84,2
DA:85,2
DA:86,2
DA:87,2
DA:88,2
DA:89,2
DA:90,2
DA:91,2
DA:92,2
DA:93,2
DA:94,2
DA:95,2
DA:96,2
DA:97,2
LF:58
LH:58
end_of_record
SF:lib\data\models\tv_table.dart
DA:12,19
DA:19,2
DA:20,1
DA:21,1
DA:22,1
DA:23,1
DA:26,2
DA:27,1
DA:28,1
DA:29,1
DA:30,1
DA:33,2
DA:34,1
DA:35,1
DA:36,1
DA:37,1
DA:40,2
DA:41,1
DA:42,1
DA:43,1
DA:44,1
DA:47,2
DA:48,1
DA:49,1
DA:50,1
DA:51,1
DA:54,2
DA:55,10
LF:28
LH:28
end_of_record
SF:lib\domain\entities\season.dart
DA:4,8
DA:22,3
DA:23,3
DA:24,3
DA:25,3
DA:26,3
DA:27,3
DA:28,3
DA:29,3
DA:30,3
LF:10
LH:10
end_of_record
SF:lib\domain\entities\tv.dart
DA:4,12
DA:20,1
DA:41,7
DA:42,7
DA:43,7
DA:44,7
DA:45,7
DA:46,7
DA:47,7
DA:48,7
DA:49,7
DA:50,7
DA:51,7
DA:52,7
DA:53,7
DA:54,7
DA:55,7
LF:17
LH:17
end_of_record
SF:lib\domain\entities\tv_detail.dart
DA:6,8
DA:38,3
DA:39,3
DA:40,3
DA:41,3
DA:42,3
DA:43,3
DA:44,3
DA:45,3
DA:46,3
DA:47,3
DA:48,3
DA:49,3
DA:50,3
LF:14
LH:14
end_of_record
SF:lib\data\datasources\tv_remote_data_source.dart
DA:21,1
DA:24,1
DA:26,5
DA:28,2
DA:29,4
DA:31,1
DA:36,1
DA:38,5
DA:40,2
DA:41,4
DA:43,1
DA:48,1
DA:50,5
DA:52,2
DA:53,4
DA:55,1
DA:60,1
DA:61,5
DA:63,2
DA:64,3
DA:66,1
DA:71,1
DA:72,2
DA:73,3
DA:75,2
DA:76,4
DA:78,1
DA:83,1
DA:84,2
DA:85,3
DA:87,2
DA:88,4
DA:90,1
LF:33
LH:33
end_of_record
SF:lib\data\models\tv_detail_model.dart
DA:7,5
DA:51,2
DA:52,2
DA:53,2
DA:54,2
DA:55,2
DA:56,4
DA:57,4
DA:60,2
DA:61,8
DA:62,2
DA:63,2
DA:64,2
DA:65,2
DA:66,4
DA:67,2
DA:68,4
DA:69,6
DA:70,4
DA:71,4
DA:72,2
DA:73,2
DA:74,8
DA:75,2
DA:76,2
DA:77,2
DA:78,4
DA:79,2
DA:82,2
DA:83,1
DA:84,1
DA:85,5
DA:86,1
DA:87,4
DA:88,1
DA:89,1
DA:90,1
DA:91,1
DA:92,1
DA:93,1
DA:94,5
DA:95,1
DA:96,1
DA:97,4
DA:98,1
DA:99,1
DA:100,1
DA:101,1
DA:102,1
DA:105,4
DA:106,2
DA:107,10
DA:108,2
DA:109,2
DA:110,2
DA:111,2
DA:112,10
DA:113,2
DA:114,2
DA:115,2
DA:116,2
DA:117,2
DA:118,2
DA:119,2
DA:122,2
DA:123,2
DA:124,2
DA:125,2
DA:126,2
DA:127,2
DA:128,2
DA:129,2
DA:130,2
DA:131,2
DA:132,2
DA:133,2
DA:134,2
DA:135,2
DA:136,2
DA:137,2
DA:138,2
DA:139,2
DA:140,2
DA:141,2
DA:142,2
LF:85
LH:85
end_of_record
SF:lib\data\models\tv_response.dart
DA:7,3
DA:9,4
DA:10,4
DA:11,6
DA:12,6
DA:15,2
DA:16,5
DA:19,1
DA:20,2
LF:9
LH:9
end_of_record
SF:lib\data\models\season_model.dart
DA:5,5
DA:23,4
DA:24,2
DA:25,2
DA:26,2
DA:27,2
DA:28,2
DA:29,2
DA:30,2
DA:33,2
DA:34,1
DA:35,1
DA:36,1
DA:37,1
DA:38,1
DA:39,1
DA:40,1
DA:43,4
DA:44,2
DA:45,2
DA:46,2
DA:47,2
DA:48,2
DA:49,2
DA:50,2
DA:53,2
DA:54,2
DA:55,2
DA:56,2
DA:57,2
DA:58,2
DA:59,2
DA:60,2
DA:61,2
LF:34
LH:34
end_of_record
SF:lib\data\repositories\tv_repository_impl.dart
DA:17,1
DA:24,1
DA:25,3
DA:27,3
DA:28,1
DA:29,5
DA:30,5
DA:31,1
DA:32,2
DA:36,3
DA:37,5
DA:38,1
DA:39,3
DA:45,1
DA:47,3
DA:48,2
DA:49,1
DA:50,2
DA:51,1
DA:52,2
DA:57,1
DA:59,3
DA:60,3
DA:61,1
DA:62,2
DA:63,1
DA:64,2
DA:69,1
DA:70,3
DA:72,3
DA:73,2
DA:74,4
DA:75,5
DA:76,1
DA:77,2
DA:81,3
DA:82,5
DA:83,1
DA:84,3
DA:90,1
DA:91,3
DA:93,3
DA:94,2
DA:95,4
DA:96,5
DA:97,1
DA:98,2
DA:102,3
DA:103,5
DA:104,1
DA:105,3
DA:111,1
DA:113,3
DA:114,5
DA:115,1
DA:116,2
DA:117,1
DA:118,2
DA:123,1
DA:126,4
DA:127,1
DA:128,1
DA:129,3
DA:136,1
DA:139,4
DA:140,1
DA:141,1
DA:142,3
DA:147,1
DA:148,3
DA:153,1
DA:154,3
DA:155,5
LF:73
LH:73
end_of_record
SF:lib\domain\usecases\get_on_the_air_tv.dart
DA:9,1
DA:11,1
DA:12,2
LF:3
LH:3
end_of_record
SF:lib\domain\usecases\get_popular_tv.dart
DA:9,1
DA:11,1
DA:12,2
LF:3
LH:3
end_of_record
SF:lib\domain\usecases\get_top_rated_tv.dart
DA:9,1
DA:11,1
DA:12,2
LF:3
LH:3
end_of_record
SF:lib\domain\usecases\get_tv_detail.dart
DA:9,1
DA:11,1
DA:12,2
LF:3
LH:3
end_of_record
SF:lib\domain\usecases\get_tv_recommendations.dart
DA:9,1
DA:11,1
DA:12,2
LF:3
LH:3
end_of_record
SF:lib\domain\usecases\get_watchlist_status_tv.dart
DA:6,1
DA:8,1
DA:9,2
LF:3
LH:3
end_of_record
SF:lib\domain\usecases\get_watchlist_tv.dart
DA:9,1
DA:11,1
DA:12,2
LF:3
LH:3
end_of_record
SF:lib\domain\usecases\remove_watchlist_tv.dart
DA:9,1
DA:11,1
DA:12,2
LF:3
LH:3
end_of_record
SF:lib\domain\usecases\save_watchlist_tv.dart
DA:9,1
DA:11,1
DA:12,2
LF:3
LH:3
end_of_record
SF:lib\presentation\bloc\on_the_air_tv_state.dart
DA:6,1
DA:7,1
DA:11,1
DA:12,1
DA:18,1
DA:20,1
DA:21,2
DA:27,1
DA:29,1
DA:30,2
LF:10
LH:10
end_of_record
SF:lib\presentation\bloc\on_the_air_tv_event.dart
DA:6,1
DA:7,1
LF:2
LH:2
end_of_record
SF:lib\presentation\bloc\on_the_air_tv_bloc.dart
DA:12,3
DA:13,2
DA:16,1
DA:20,2
DA:21,3
DA:22,1
DA:23,4
DA:24,3
LF:8
LH:8
end_of_record
SF:lib\presentation\bloc\popular_tv_state.dart
DA:6,1
DA:7,1
DA:11,1
DA:12,1
DA:18,2
DA:20,1
DA:21,2
DA:27,2
DA:29,1
DA:30,2
LF:10
LH:10
end_of_record
SF:lib\presentation\bloc\popular_tv_bloc.dart
DA:12,3
DA:13,2
DA:16,1
DA:20,2
DA:21,3
DA:22,1
DA:23,4
DA:24,3
LF:8
LH:8
end_of_record
SF:lib\presentation\bloc\popular_tv_event.dart
DA:6,1
DA:7,1
LF:2
LH:2
end_of_record
SF:lib\presentation\bloc\modify_watchlist_tv_event.dart
DA:8,2
DA:10,1
DA:11,2
DA:17,2
DA:19,1
DA:20,2
LF:6
LH:6
end_of_record
SF:lib\presentation\bloc\modify_watchlist_tv_bloc.dart
DA:15,1
DA:18,2
DA:19,2
DA:20,2
DA:23,1
DA:27,2
DA:28,4
DA:30,1
DA:31,4
DA:32,3
DA:36,1
DA:40,2
DA:41,4
DA:43,1
DA:44,4
DA:45,3
LF:16
LH:16
end_of_record
SF:lib\presentation\bloc\modify_watchlist_tv_state.dart
DA:6,1
DA:7,1
DA:11,1
DA:12,1
DA:18,2
DA:20,1
DA:21,2
DA:27,2
DA:29,1
DA:30,2
DA:36,2
DA:38,1
DA:39,2
LF:13
LH:13
end_of_record
SF:lib\presentation\bloc\show_watchlist_tv_state.dart
DA:6,1
DA:7,1
DA:11,1
DA:12,1
DA:18,2
DA:20,1
DA:21,2
DA:27,2
DA:29,1
DA:30,2
LF:10
LH:10
end_of_record
SF:lib\presentation\bloc\show_watchlist_tv_bloc.dart
DA:13,3
DA:14,2
DA:17,1
DA:21,2
DA:22,3
DA:23,1
DA:24,4
DA:25,2
DA:26,2
DA:27,2
LF:10
LH:10
end_of_record
SF:lib\presentation\bloc\show_watchlist_tv_event.dart
DA:6,1
DA:7,1
LF:2
LH:2
end_of_record
SF:lib\presentation\bloc\top_rated_tv_event.dart
DA:6,1
DA:7,1
LF:2
LH:2
end_of_record
SF:lib\presentation\bloc\top_rated_tv_bloc.dart
DA:12,3
DA:13,2
DA:16,1
DA:20,2
DA:21,3
DA:22,1
DA:23,4
DA:24,3
LF:8
LH:8
end_of_record
SF:lib\presentation\bloc\top_rated_tv_state.dart
DA:6,1
DA:7,1
DA:11,1
DA:12,1
DA:18,2
DA:20,1
DA:21,2
DA:27,2
DA:29,1
DA:30,2
LF:10
LH:10
end_of_record
SF:lib\presentation\bloc\watchlist_tv_status_state.dart
DA:6,1
DA:7,1
DA:13,2
DA:15,1
DA:16,2
LF:5
LH:5
end_of_record
SF:lib\presentation\bloc\watchlist_tv_status_bloc.dart
DA:12,3
DA:13,2
DA:16,1
DA:20,4
DA:21,2
LF:5
LH:5
end_of_record
SF:lib\presentation\bloc\watchlist_tv_status_event.dart
DA:8,2
DA:10,1
DA:11,2
LF:3
LH:3
end_of_record
SF:lib\presentation\bloc\tv_detail_event.dart
DA:8,2
DA:10,1
DA:11,2
LF:3
LH:3
end_of_record
SF:lib\presentation\bloc\tv_detail_state.dart
DA:6,1
DA:7,1
DA:11,1
DA:12,1
DA:18,2
DA:20,1
DA:21,2
DA:28,2
DA:30,1
DA:31,3
LF:10
LH:10
end_of_record
SF:lib\presentation\bloc\tv_detail_bloc.dart
DA:15,1
DA:18,2
DA:19,2
DA:22,1
DA:26,2
DA:27,4
DA:28,4
DA:29,1
DA:30,4
DA:31,1
DA:32,2
DA:33,1
DA:34,4
DA:35,2
DA:36,1
LF:15
LH:15
end_of_record
SF:lib\presentation\pages\popular_tv_page.dart
DA:7,1
DA:8,1
DA:12,1
DA:14,1
DA:15,1
DA:16,5
DA:20,1
DA:22,1
DA:23,1
DA:24,1
DA:26,1
DA:28,1
DA:29,1
DA:30,1
DA:34,1
DA:35,1
DA:36,1
DA:37,2
DA:38,1
DA:40,2
DA:43,1
LF:21
LH:21
end_of_record
SF:lib\presentation\widgets\tv_card_list.dart
DA:10,3
DA:12,3
DA:14,3
DA:16,3
DA:17,0
DA:18,0
DA:21,0
DA:24,3
DA:26,3
DA:27,3
DA:28,3
DA:34,3
DA:36,3
DA:37,3
DA:38,6
DA:41,3
DA:44,3
DA:45,6
DA:53,3
DA:58,3
DA:59,3
DA:60,9
DA:62,6
DA:63,3
DA:65,0
DA:67,6
LF:26
LH:22
end_of_record
SF:lib\presentation\pages\top_rated_tv_page.dart
DA:7,1
DA:8,1
DA:12,1
DA:14,1
DA:15,1
DA:16,5
DA:20,1
DA:22,1
DA:23,1
DA:26,1
DA:28,1
DA:29,1
DA:30,1
DA:34,1
DA:35,1
DA:36,1
DA:37,2
DA:38,1
DA:40,2
DA:43,1
LF:20
LH:20
end_of_record
SF:lib\presentation\pages\watchlist_tv_page.dart
DA:7,1
DA:9,1
DA:10,1
DA:11,1
DA:12,1
DA:16,1
DA:17,1
DA:18,1
DA:19,2
DA:20,1
DA:22,2
DA:24,1
DA:25,1
DA:26,1
DA:29,1
DA:30,2
LF:16
LH:16
end_of_record
SF:lib\presentation\pages\tv_detail_page.dart
DA:18,1
DA:20,1
DA:21,1
DA:25,1
DA:27,1
DA:28,1
DA:29,1
DA:30,6
DA:31,2
DA:32,4
DA:37,1
DA:39,1
DA:40,1
DA:41,1
DA:42,1
DA:43,1
DA:44,1
DA:45,1
DA:46,1
DA:47,4
DA:48,1
DA:49,1
DA:50,4
DA:51,1
DA:52,1
DA:54,1
DA:55,1
DA:56,2
DA:61,1
DA:62,1
DA:63,1
DA:64,1
DA:65,1
DA:66,2
DA:67,1
DA:68,1
DA:69,1
DA:70,1
DA:71,1
DA:74,1
DA:75,2
DA:94,1
DA:96,1
DA:98,3
DA:99,1
DA:100,1
DA:101,1
DA:102,3
DA:104,1
DA:107,0
DA:109,1
DA:111,1
DA:112,1
DA:113,1
DA:123,1
DA:124,1
DA:125,1
DA:127,1
DA:129,1
DA:131,1
DA:132,1
DA:133,2
DA:134,1
DA:136,1
DA:137,1
DA:138,1
DA:139,2
DA:140,3
DA:141,2
DA:142,4
DA:144,2
DA:145,3
DA:146,2
DA:147,4
DA:150,1
DA:152,1
DA:153,1
DA:160,1
DA:161,3
DA:163,1
DA:164,4
DA:165,3
DA:166,2
DA:167,1
DA:168,3
DA:170,1
DA:171,1
DA:172,1
DA:173,3
DA:175,1
DA:181,4
DA:185,1
DA:187,1
DA:189,1
DA:190,2
DA:193,2
DA:194,1
DA:196,1
DA:199,1
DA:201,1
DA:203,1
DA:204,2
DA:205,1
DA:207,1
DA:208,0
DA:209,0
DA:212,0
DA:215,1
DA:219,1
DA:221,2
DA:222,1
DA:226,0
DA:233,2
DA:237,3
DA:238,1
DA:240,1
DA:243,1
DA:245,1
DA:247,1
DA:248,3
DA:249,1
DA:251,1
DA:255,1
DA:257,2
DA:258,1
DA:262,0
DA:268,3
DA:275,1
DA:277,1
DA:290,1
DA:292,1
DA:295,1
DA:297,0
DA:298,0
LF:134
LH:126
end_of_record
