SF:lib\data\datasources\movie_remote_data_source.dart
DA:20,1
DA:23,1
DA:25,5
DA:27,2
DA:28,4
DA:30,1
DA:35,1
DA:37,5
DA:39,2
DA:40,3
DA:42,1
DA:47,1
DA:48,2
DA:49,3
DA:51,2
DA:52,4
DA:54,1
DA:59,1
DA:61,5
DA:63,2
DA:64,4
DA:66,1
DA:71,1
DA:73,5
DA:75,2
DA:76,4
DA:78,1
DA:83,1
DA:84,2
DA:85,3
DA:87,2
DA:88,4
DA:90,1
LF:33
LH:33
end_of_record
SF:lib\data\models\movie_detail_model.dart
DA:6,3
DA:52,1
DA:53,1
DA:54,1
DA:55,1
DA:56,1
DA:57,1
DA:58,4
DA:59,1
DA:60,1
DA:61,1
DA:62,1
DA:63,1
DA:64,1
DA:65,2
DA:66,1
DA:67,1
DA:68,1
DA:69,1
DA:70,1
DA:71,1
DA:72,1
DA:73,1
DA:74,2
DA:75,1
DA:78,2
DA:79,1
DA:80,1
DA:81,1
DA:82,5
DA:83,1
DA:84,1
DA:85,1
DA:86,1
DA:87,1
DA:88,1
DA:89,1
DA:90,1
DA:91,1
DA:92,1
DA:93,1
DA:94,1
DA:95,1
DA:96,1
DA:97,1
DA:98,1
DA:99,1
DA:102,2
DA:103,1
DA:104,1
DA:105,5
DA:106,1
DA:107,1
DA:108,1
DA:109,1
DA:110,1
DA:111,1
DA:112,1
DA:113,1
DA:114,1
DA:117,1
DA:118,1
DA:119,1
DA:120,1
DA:121,1
DA:122,1
DA:123,1
DA:124,1
DA:125,1
DA:126,1
DA:127,1
DA:128,1
DA:129,1
DA:130,1
DA:131,1
DA:132,1
DA:133,1
DA:134,1
DA:135,1
DA:136,1
DA:137,1
DA:138,1
DA:139,1
LF:83
LH:83
end_of_record
SF:lib\data\models\movie_response.dart
DA:7,3
DA:9,4
DA:10,4
DA:11,6
DA:12,6
DA:15,2
DA:16,5
DA:19,1
DA:20,2
LF:9
LH:9
end_of_record
SF:lib\data\datasources\movie_local_data_source.dart
DA:21,1
DA:24,1
DA:26,3
DA:29,2
DA:34,1
DA:36,3
DA:39,2
DA:44,1
DA:45,3
DA:47,1
DA:54,1
DA:55,3
DA:56,4
DA:60,1
DA:61,3
DA:62,3
DA:66,1
DA:67,3
DA:68,1
DA:69,4
DA:71,1
DA:76,1
DA:77,3
DA:78,3
DA:82,1
DA:83,3
DA:84,3
DA:91,1
DA:92,3
DA:93,1
DA:94,4
DA:96,1
DA:101,1
DA:102,3
DA:103,1
DA:104,4
DA:106,1
LF:37
LH:37
end_of_record
SF:lib\data\models\movie_model.dart
DA:5,21
DA:35,4
DA:36,2
DA:37,2
DA:38,8
DA:39,2
DA:40,2
DA:41,2
DA:42,4
DA:43,2
DA:44,2
DA:45,2
DA:46,2
DA:47,4
DA:48,2
DA:51,2
DA:52,1
DA:53,1
DA:54,4
DA:55,1
DA:56,1
DA:57,1
DA:58,1
DA:59,1
DA:60,1
DA:61,1
DA:62,1
DA:63,1
DA:64,1
DA:67,4
DA:68,2
DA:69,2
DA:70,2
DA:71,2
DA:72,2
DA:73,2
DA:74,2
DA:75,2
DA:76,2
DA:77,2
DA:78,2
DA:79,2
DA:80,2
DA:83,2
DA:84,2
DA:85,2
DA:86,2
DA:87,2
DA:88,2
DA:89,2
DA:90,2
DA:91,2
DA:92,2
DA:93,2
DA:94,2
DA:95,2
DA:96,2
DA:97,2
LF:58
LH:58
end_of_record
SF:lib\data\models\movie_table.dart
DA:12,19
DA:19,2
DA:20,1
DA:21,1
DA:22,1
DA:23,1
DA:26,2
DA:27,1
DA:28,1
DA:29,1
DA:30,1
DA:33,2
DA:34,1
DA:35,1
DA:36,1
DA:37,1
DA:40,2
DA:41,1
DA:42,1
DA:43,1
DA:44,1
DA:47,2
DA:48,1
DA:49,1
DA:50,1
DA:51,1
DA:54,2
DA:55,10
LF:28
LH:28
end_of_record
SF:lib\domain\entities\movie.dart
DA:4,12
DA:20,1
DA:41,7
DA:42,7
DA:43,7
DA:44,7
DA:45,7
DA:46,7
DA:47,7
DA:48,7
DA:49,7
DA:50,7
DA:51,7
DA:52,7
DA:53,7
DA:54,7
DA:55,7
LF:17
LH:17
end_of_record
SF:lib\domain\entities\movie_detail.dart
DA:5,7
DA:33,2
DA:34,2
DA:35,2
DA:36,2
DA:37,2
DA:38,2
DA:39,2
DA:40,2
DA:41,2
DA:42,2
DA:43,2
DA:44,2
DA:45,2
LF:14
LH:14
end_of_record
SF:lib\data\repositories\movie_repository_impl.dart
DA:17,1
DA:24,1
DA:25,3
DA:27,3
DA:28,2
DA:29,4
DA:30,5
DA:31,1
DA:32,2
DA:36,3
DA:37,5
DA:38,1
DA:39,3
DA:45,1
DA:47,3
DA:48,2
DA:49,1
DA:50,2
DA:51,1
DA:52,2
DA:57,1
DA:59,3
DA:60,3
DA:61,1
DA:62,2
DA:63,1
DA:64,2
DA:69,1
DA:70,3
DA:72,3
DA:73,2
DA:74,4
DA:75,5
DA:76,1
DA:77,2
DA:81,3
DA:82,5
DA:83,1
DA:84,3
DA:90,1
DA:91,3
DA:93,3
DA:94,2
DA:95,4
DA:96,5
DA:97,1
DA:98,2
DA:102,3
DA:103,5
DA:104,1
DA:105,3
DA:111,1
DA:113,3
DA:114,5
DA:115,1
DA:116,2
DA:117,1
DA:118,2
DA:123,1
DA:125,2
DA:126,2
DA:127,1
DA:128,1
DA:129,3
DA:136,1
DA:139,2
DA:140,2
DA:141,1
DA:142,1
DA:143,3
DA:148,1
DA:149,3
DA:154,1
DA:155,3
DA:156,5
LF:75
LH:75
end_of_record
SF:lib\domain\usecases\get_movie_detail.dart
DA:9,1
DA:11,1
DA:12,2
LF:3
LH:3
end_of_record
SF:lib\domain\usecases\get_movie_recommendations.dart
DA:9,1
DA:11,1
DA:12,2
LF:3
LH:3
end_of_record
SF:lib\domain\usecases\get_now_playing_movies.dart
DA:9,1
DA:11,1
DA:12,2
LF:3
LH:3
end_of_record
SF:lib\domain\usecases\get_popular_movies.dart
DA:9,1
DA:11,1
DA:12,2
LF:3
LH:3
end_of_record
SF:lib\domain\usecases\get_top_rated_movies.dart
DA:9,1
DA:11,1
DA:12,2
LF:3
LH:3
end_of_record
SF:lib\domain\usecases\get_watchlist_movies.dart
DA:9,1
DA:11,1
DA:12,2
LF:3
LH:3
end_of_record
SF:lib\domain\usecases\get_watchlist_status.dart
DA:6,1
DA:8,1
DA:9,2
LF:3
LH:3
end_of_record
SF:lib\domain\usecases\remove_watchlist.dart
DA:9,1
DA:11,1
DA:12,2
LF:3
LH:3
end_of_record
SF:lib\domain\usecases\save_watchlist.dart
DA:9,1
DA:11,1
DA:12,2
LF:3
LH:3
end_of_record
SF:lib\presentation\bloc\modify_watchlist_movies_state.dart
DA:6,1
DA:7,1
DA:11,1
DA:12,1
DA:18,2
DA:20,1
DA:21,2
DA:27,2
DA:29,1
DA:30,2
DA:36,2
DA:38,1
DA:39,2
LF:13
LH:13
end_of_record
SF:lib\presentation\bloc\modify_watchlist_movies_event.dart
DA:8,2
DA:10,1
DA:11,2
DA:17,2
DA:19,1
DA:20,2
LF:6
LH:6
end_of_record
SF:lib\presentation\bloc\modify_watchlist_movies_bloc.dart
DA:15,1
DA:18,2
DA:19,2
DA:20,2
DA:23,1
DA:27,2
DA:28,4
DA:30,1
DA:31,4
DA:32,3
DA:36,1
DA:40,2
DA:41,4
DA:43,1
DA:44,4
DA:45,3
LF:16
LH:16
end_of_record
SF:lib\presentation\bloc\movie_detail_state.dart
DA:6,1
DA:7,1
DA:11,1
DA:12,1
DA:18,2
DA:20,1
DA:21,2
DA:28,2
DA:30,1
DA:31,3
LF:10
LH:10
end_of_record
SF:lib\presentation\bloc\movie_detail_event.dart
DA:8,2
DA:10,1
DA:11,2
LF:3
LH:3
end_of_record
SF:lib\presentation\bloc\movie_detail_bloc.dart
DA:15,1
DA:18,2
DA:19,2
DA:22,1
DA:26,2
DA:27,4
DA:29,4
DA:30,1
DA:31,4
DA:32,1
DA:33,2
DA:34,1
DA:35,4
DA:36,2
DA:37,1
LF:15
LH:15
end_of_record
SF:lib\presentation\bloc\now_playing_movies_state.dart
DA:6,1
DA:7,1
DA:11,1
DA:12,1
DA:18,1
DA:20,1
DA:21,2
DA:27,1
DA:29,1
DA:30,2
LF:10
LH:10
end_of_record
SF:lib\presentation\bloc\now_playing_movies_event.dart
DA:6,1
DA:7,1
LF:2
LH:2
end_of_record
SF:lib\presentation\bloc\now_playing_movies_bloc.dart
DA:13,1
DA:14,2
DA:15,2
DA:18,1
DA:20,2
DA:21,3
DA:22,1
DA:23,4
DA:24,3
LF:9
LH:9
end_of_record
SF:lib\presentation\bloc\popular_movies_state.dart
DA:6,1
DA:7,1
DA:11,1
DA:12,1
DA:18,2
DA:20,1
DA:21,2
DA:27,2
DA:29,1
DA:30,2
LF:10
LH:10
end_of_record
SF:lib\presentation\bloc\popular_movies_bloc.dart
DA:12,3
DA:13,2
DA:16,1
DA:20,2
DA:21,3
DA:22,1
DA:23,4
DA:24,3
LF:8
LH:8
end_of_record
SF:lib\presentation\bloc\popular_movies_event.dart
DA:6,1
DA:7,1
LF:2
LH:2
end_of_record
SF:lib\presentation\bloc\watchlist_movies_status_state.dart
DA:6,1
DA:7,1
DA:13,2
DA:15,1
DA:16,2
LF:5
LH:5
end_of_record
SF:lib\presentation\bloc\watchlist_movies_status_event.dart
DA:8,2
DA:10,1
DA:11,2
LF:3
LH:3
end_of_record
SF:lib\presentation\bloc\watchlist_movies_status_bloc.dart
DA:12,1
DA:13,2
DA:14,2
DA:17,1
DA:21,4
DA:22,2
LF:6
LH:6
end_of_record
SF:lib\presentation\bloc\top_rated_movies_bloc.dart
DA:13,3
DA:14,2
DA:17,1
DA:19,2
DA:20,3
DA:21,1
DA:22,4
DA:23,3
LF:8
LH:8
end_of_record
SF:lib\presentation\bloc\top_rated_movies_event.dart
DA:6,1
DA:7,1
LF:2
LH:2
end_of_record
SF:lib\presentation\bloc\top_rated_movies_state.dart
DA:6,1
DA:7,1
DA:11,1
DA:12,1
DA:18,2
DA:20,1
DA:21,2
DA:27,2
DA:29,1
DA:30,2
LF:10
LH:10
end_of_record
SF:lib\presentation\bloc\show_watchlist_movies_state.dart
DA:6,1
DA:7,1
DA:11,1
DA:12,1
DA:18,2
DA:20,1
DA:21,2
DA:27,2
DA:29,1
DA:30,2
LF:10
LH:10
end_of_record
SF:lib\presentation\bloc\show_watchlist_movies_event.dart
DA:6,1
DA:7,1
LF:2
LH:2
end_of_record
SF:lib\presentation\bloc\show_watchlist_movies_bloc.dart
DA:13,1
DA:14,2
DA:15,2
DA:18,1
DA:22,2
DA:23,3
DA:24,1
DA:25,4
DA:26,2
DA:27,2
DA:28,2
LF:11
LH:11
end_of_record
SF:lib\presentation\pages\popular_movies_page.dart
DA:7,1
DA:8,1
DA:12,1
DA:14,1
DA:15,1
DA:16,3
DA:17,2
DA:21,1
DA:23,1
DA:24,1
DA:27,1
DA:29,1
DA:30,1
DA:31,1
DA:35,1
DA:36,1
DA:37,1
DA:38,2
DA:39,1
DA:41,2
DA:44,1
LF:21
LH:21
end_of_record
SF:lib\presentation\widgets\movie_card_list.dart
DA:10,3
DA:12,3
DA:14,3
DA:16,3
DA:17,0
DA:18,0
DA:21,0
DA:24,3
DA:26,3
DA:27,3
DA:28,3
DA:34,3
DA:36,3
DA:37,3
DA:38,6
DA:41,3
DA:44,3
DA:45,6
DA:53,3
DA:58,3
DA:59,3
DA:60,9
DA:62,6
DA:63,3
DA:65,0
DA:67,6
LF:26
LH:22
end_of_record
SF:lib\presentation\pages\top_rated_movies_page.dart
DA:7,1
DA:8,1
DA:12,1
DA:14,1
DA:15,1
DA:16,3
DA:17,2
DA:21,1
DA:23,1
DA:24,1
DA:27,1
DA:29,1
DA:30,1
DA:31,1
DA:35,1
DA:36,1
DA:37,1
DA:38,2
DA:39,1
DA:41,2
DA:44,1
LF:21
LH:21
end_of_record
SF:lib\presentation\pages\movie_detail_page.dart
DA:18,1
DA:20,1
DA:21,1
DA:25,1
DA:27,1
DA:28,1
DA:29,1
DA:30,2
DA:31,4
DA:32,2
DA:33,4
DA:38,1
DA:40,1
DA:41,1
DA:42,1
DA:43,1
DA:44,1
DA:45,1
DA:46,1
DA:47,1
DA:48,4
DA:49,1
DA:50,1
DA:51,4
DA:52,1
DA:53,1
DA:55,1
DA:56,1
DA:57,2
DA:62,1
DA:63,1
DA:64,2
DA:66,1
DA:67,2
DA:68,1
DA:69,1
DA:70,1
DA:71,1
DA:72,1
DA:75,1
DA:76,2
DA:95,1
DA:97,1
DA:99,3
DA:100,1
DA:101,1
DA:102,1
DA:103,3
DA:105,1
DA:108,0
DA:110,1
DA:112,1
DA:113,1
DA:114,1
DA:124,1
DA:125,1
DA:126,1
DA:128,1
DA:130,1
DA:132,1
DA:133,1
DA:134,2
DA:135,1
DA:137,1
DA:138,1
DA:139,1
DA:140,1
DA:141,1
DA:142,3
DA:143,1
DA:144,1
DA:145,4
DA:147,1
DA:148,1
DA:149,3
DA:150,1
DA:151,1
DA:152,4
DA:155,1
DA:157,1
DA:158,1
DA:165,1
DA:166,3
DA:168,1
DA:169,3
DA:171,1
DA:172,1
DA:173,1
DA:174,3
DA:176,1
DA:182,4
DA:186,1
DA:188,1
DA:190,1
DA:191,2
DA:194,2
DA:195,1
DA:197,1
DA:200,1
DA:202,1
DA:204,1
DA:205,2
DA:206,1
DA:208,1
DA:209,0
DA:210,0
DA:213,0
DA:216,1
DA:220,1
DA:222,2
DA:223,1
DA:227,0
DA:234,2
DA:241,1
DA:243,1
DA:256,1
DA:258,1
DA:261,1
DA:263,0
DA:264,0
LF:120
LH:113
end_of_record
SF:lib\presentation\pages\watchlist_movies_page.dart
DA:7,1
DA:9,1
DA:10,1
DA:11,1
DA:12,1
DA:16,1
DA:17,1
DA:18,1
DA:19,2
DA:20,1
DA:22,2
DA:24,1
DA:25,1
DA:26,1
DA:29,1
DA:30,2
LF:16
LH:16
end_of_record
